Primer proyecto de compiladores, Ingenieria en Informatica y sistemas, Universidad Rafael Landivar
desarrollado por los estudiantes Melvin Juarez y Carlos Garcia. Se utilizo JFlex para la generacion 
de dicho analizador. 

			 CODIGO COMPILADO 

Declaracion de Funcion : funcion
Tipo de dato : numero
Identificador : esImpar
Apertura de parentesis : (
Tipo de dato : numero
Identificador : num
Clausura de parentesis : )
Dos Puntos : :
Encabezado de codigo : codigo:
Identacion :     
Condicion : si
Apertura de parentesis : (
Identificador : num
Operacion basica : %
Numero : 2
Clausura de parentesis : )
Condicion : entonces:
Identacion :     
Return : retornar
Numero : 1
Fin de linea : ;
Identacion :     
Condicion : sino:
Identacion :     
Return : retornar
Numero : 0
Fin de linea : ;
			 TABLA DE SIMBOLOS 

Function			funcion			[1,0]
Type			numero			[1,8]
Identifier			esImpar			[1,15]
Symbol			(			[1,22]
Type			numero			[1,23]
Identifier			num			[1,30]
Symbol			)			[1,33]
Symbol			:			[1,34]
Header			codigo:			[2,2]
Indention			    			[3,0]
Statement			si			[3,4]
Symbol			(			[3,7]
Identifier			num			[3,9]
ArithmeticOperator			%			[3,13]
Number			2			[3,15]
Symbol			)			[3,17]
Statement			entonces:			[3,19]
Indention			    			[4,0]
Return			retornar			[4,6]
Number			1			[4,15]
Symbol			;			[4,16]
Indention			    			[5,0]
Statement			sino:			[5,4]
Indention			    			[6,0]
Return			retornar			[6,6]
Number			0			[6,15]
Symbol			;			[6,16]
